{"uuid":"3264a8d6-39ea-4178-9a1f-21b42cd346eb","historyId":"34b71f48c6e6ab0e25becf5eacfa41d4","fullName":"praktikum.order.OrderCreateNegativeTest.testCreateOrderWithInvalidIngredientId","labels":[{"name":"package","value":"praktikum.order"},{"name":"testClass","value":"praktikum.order.OrderCreateNegativeTest"},{"name":"testMethod","value":"testCreateOrderWithInvalidIngredientId"},{"name":"suite","value":"praktikum.order.OrderCreateNegativeTest"},{"name":"host","value":"MacBook-Pro--GID-000579.local"},{"name":"thread","value":"46971@MacBook-Pro--GID-000579.local.main(1)"},{"name":"framework","value":"junit4"},{"name":"language","value":"java"},{"name":"feature","value":"Создание заказа: Негативные тесты"}],"links":[],"name":"Невозможно создать заказ с невалидным id ингредиента","status":"broken","statusDetails":{"known":false,"muted":false,"flaky":false,"message":"Cannot parse object because no supported Content-Type was specified in response. Content-Type was 'text/html; charset=utf-8'.","trace":"java.lang.IllegalStateException: Cannot parse object because no supported Content-Type was specified in response. Content-Type was 'text/html; charset=utf-8'.\n\tat java.base/jdk.internal.reflect.DirectConstructorHandleAccessor.newInstance(DirectConstructorHandleAccessor.java:62)\n\tat java.base/java.lang.reflect.Constructor.newInstanceWithCaller(Constructor.java:502)\n\tat java.base/java.lang.reflect.Constructor.newInstance(Constructor.java:486)\n\tat org.codehaus.groovy.reflection.CachedConstructor.invoke(CachedConstructor.java:72)\n\tat org.codehaus.groovy.runtime.callsite.ConstructorSite$ConstructorSiteNoUnwrapNoCoerce.callConstructor(ConstructorSite.java:105)\n\tat org.codehaus.groovy.runtime.callsite.CallSiteArray.defaultCallConstructor(CallSiteArray.java:59)\n\tat org.codehaus.groovy.runtime.callsite.AbstractCallSite.callConstructor(AbstractCallSite.java:263)\n\tat org.codehaus.groovy.runtime.callsite.AbstractCallSite.callConstructor(AbstractCallSite.java:277)\n\tat io.restassured.internal.mapping.ObjectMapping.deserialize(ObjectMapping.groovy:94)\n\tat io.restassured.internal.mapping.ObjectMapping$deserialize$0.call(Unknown Source)\n\tat io.restassured.internal.RestAssuredResponseOptionsGroovyImpl.as(RestAssuredResponseOptionsGroovyImpl.groovy:231)\n\tat io.restassured.internal.RestAssuredResponseOptionsImpl.as(RestAssuredResponseOptionsImpl.java:169)\n\tat praktikum.order.OrderSteps.checkNegativeCreateOrderWithInvalidIngredientId(OrderSteps.java:50)\n\tat praktikum.order.OrderCreateNegativeTest.testCreateOrderWithInvalidIngredientId(OrderCreateNegativeTest.java:41)\n\tat java.base/jdk.internal.reflect.DirectMethodHandleAccessor.invoke(DirectMethodHandleAccessor.java:103)\n\tat java.base/java.lang.reflect.Method.invoke(Method.java:580)\n\tat org.junit.runners.model.FrameworkMethod$1.runReflectiveCall(FrameworkMethod.java:59)\n\tat org.junit.internal.runners.model.ReflectiveCallable.run(ReflectiveCallable.java:12)\n\tat org.junit.runners.model.FrameworkMethod.invokeExplosively(FrameworkMethod.java:56)\n\tat org.junit.internal.runners.statements.InvokeMethod.evaluate(InvokeMethod.java:17)\n\tat org.junit.internal.runners.statements.RunBefores.evaluate(RunBefores.java:26)\n\tat org.junit.internal.runners.statements.RunAfters.evaluate(RunAfters.java:27)\n\tat org.junit.runners.ParentRunner$3.evaluate(ParentRunner.java:306)\n\tat org.junit.runners.BlockJUnit4ClassRunner$1.evaluate(BlockJUnit4ClassRunner.java:100)\n\tat org.junit.runners.ParentRunner.runLeaf(ParentRunner.java:366)\n\tat org.junit.runners.BlockJUnit4ClassRunner.runChild(BlockJUnit4ClassRunner.java:103)\n\tat org.junit.runners.BlockJUnit4ClassRunner.runChild(BlockJUnit4ClassRunner.java:63)\n\tat org.junit.runners.ParentRunner$4.run(ParentRunner.java:331)\n\tat org.junit.runners.ParentRunner$1.schedule(ParentRunner.java:79)\n\tat org.junit.runners.ParentRunner.runChildren(ParentRunner.java:329)\n\tat org.junit.runners.ParentRunner.access$100(ParentRunner.java:66)\n\tat org.junit.runners.ParentRunner$2.evaluate(ParentRunner.java:293)\n\tat org.junit.runners.ParentRunner$3.evaluate(ParentRunner.java:306)\n\tat org.junit.runners.ParentRunner.run(ParentRunner.java:413)\n\tat org.apache.maven.surefire.junit4.JUnit4Provider.execute(JUnit4Provider.java:316)\n\tat org.apache.maven.surefire.junit4.JUnit4Provider.executeWithRerun(JUnit4Provider.java:240)\n\tat org.apache.maven.surefire.junit4.JUnit4Provider.executeTestSet(JUnit4Provider.java:214)\n\tat org.apache.maven.surefire.junit4.JUnit4Provider.invoke(JUnit4Provider.java:155)\n\tat org.apache.maven.surefire.booter.ForkedBooter.runSuitesInProcess(ForkedBooter.java:385)\n\tat org.apache.maven.surefire.booter.ForkedBooter.execute(ForkedBooter.java:162)\n\tat org.apache.maven.surefire.booter.ForkedBooter.run(ForkedBooter.java:507)\n\tat org.apache.maven.surefire.booter.ForkedBooter.main(ForkedBooter.java:495)\n"},"stage":"finished","description":"Проверка, что API возвращает ошибку при попытке создать заказ, содержащий ингредиент с несуществующим ID","steps":[{"name":"Регистрация пользователя","status":"passed","stage":"finished","steps":[{"name":"Создание пользователя","status":"passed","stage":"finished","steps":[],"attachments":[],"parameters":[{"name":"user","value":"UserRegisterRequest(email=dapavlik2026-02-27@test.ru, password=GfhjkmPDA, name=Дмитрий)"}],"start":1772200496383,"stop":1772200496573}],"attachments":[],"parameters":[{"name":"user","value":"UserRegisterRequest(email=dapavlik2026-02-27@test.ru, password=GfhjkmPDA, name=Дмитрий)"}],"start":1772200496383,"stop":1772200496574},{"name":"Успешная регистрация регистрации (возвращает accessToken)","status":"passed","stage":"finished","steps":[],"attachments":[],"parameters":[],"start":1772200496574,"stop":1772200496576},{"name":"Получение списка ингрединетов","status":"passed","stage":"finished","steps":[{"name":"Получение списка игредиентов","status":"passed","stage":"finished","steps":[],"attachments":[],"parameters":[],"start":1772200496576,"stop":1772200496687}],"attachments":[],"parameters":[],"start":1772200496576,"stop":1772200496687},{"name":"Получаем id первой булки в списке ингредиентов","status":"passed","stage":"finished","steps":[],"attachments":[],"parameters":[],"start":1772200496687,"stop":1772200496689},{"name":"Получаем id первой начинки в списке ингредиентов","status":"passed","stage":"finished","steps":[],"attachments":[],"parameters":[],"start":1772200496689,"stop":1772200496690},{"name":"Создание заказа без токена (для проверки 401)","status":"passed","stage":"finished","steps":[{"name":"Создание заказа без авторизации","status":"passed","stage":"finished","steps":[],"attachments":[],"parameters":[{"name":"order","value":"OrderCreateRequest(ingredients=[61c0c5a71d1f82001bdaaa6d, 61c0c5a71d1f82001bdaaa6f, invalidSauceId])"}],"start":1772200496691,"stop":1772200497431}],"attachments":[],"parameters":[{"name":"order","value":"OrderCreateRequest(ingredients=[61c0c5a71d1f82001bdaaa6d, 61c0c5a71d1f82001bdaaa6f, invalidSauceId])"}],"start":1772200496691,"stop":1772200497431},{"name":"Проверка неуспешного создания заказа с невалидным хеш ингредиента","status":"broken","statusDetails":{"known":false,"muted":false,"flaky":false,"message":"Cannot parse object because no supported Content-Type was specified in response. Content-Type was 'text/html; charset=utf-8'.","trace":"java.lang.IllegalStateException: Cannot parse object because no supported Content-Type was specified in response. Content-Type was 'text/html; charset=utf-8'.\n\tat java.base/jdk.internal.reflect.DirectConstructorHandleAccessor.newInstance(DirectConstructorHandleAccessor.java:62)\n\tat java.base/java.lang.reflect.Constructor.newInstanceWithCaller(Constructor.java:502)\n\tat java.base/java.lang.reflect.Constructor.newInstance(Constructor.java:486)\n\tat org.codehaus.groovy.reflection.CachedConstructor.invoke(CachedConstructor.java:72)\n\tat org.codehaus.groovy.runtime.callsite.ConstructorSite$ConstructorSiteNoUnwrapNoCoerce.callConstructor(ConstructorSite.java:105)\n\tat org.codehaus.groovy.runtime.callsite.CallSiteArray.defaultCallConstructor(CallSiteArray.java:59)\n\tat org.codehaus.groovy.runtime.callsite.AbstractCallSite.callConstructor(AbstractCallSite.java:263)\n\tat org.codehaus.groovy.runtime.callsite.AbstractCallSite.callConstructor(AbstractCallSite.java:277)\n\tat io.restassured.internal.mapping.ObjectMapping.deserialize(ObjectMapping.groovy:94)\n\tat io.restassured.internal.mapping.ObjectMapping$deserialize$0.call(Unknown Source)\n\tat io.restassured.internal.RestAssuredResponseOptionsGroovyImpl.as(RestAssuredResponseOptionsGroovyImpl.groovy:231)\n\tat io.restassured.internal.RestAssuredResponseOptionsImpl.as(RestAssuredResponseOptionsImpl.java:169)\n\tat praktikum.order.OrderSteps.checkNegativeCreateOrderWithInvalidIngredientId(OrderSteps.java:50)\n\tat praktikum.order.OrderCreateNegativeTest.testCreateOrderWithInvalidIngredientId(OrderCreateNegativeTest.java:41)\n\tat java.base/jdk.internal.reflect.DirectMethodHandleAccessor.invoke(DirectMethodHandleAccessor.java:103)\n\tat java.base/java.lang.reflect.Method.invoke(Method.java:580)\n\tat org.junit.runners.model.FrameworkMethod$1.runReflectiveCall(FrameworkMethod.java:59)\n\tat org.junit.internal.runners.model.ReflectiveCallable.run(ReflectiveCallable.java:12)\n\tat org.junit.runners.model.FrameworkMethod.invokeExplosively(FrameworkMethod.java:56)\n\tat org.junit.internal.runners.statements.InvokeMethod.evaluate(InvokeMethod.java:17)\n\tat org.junit.internal.runners.statements.RunBefores.evaluate(RunBefores.java:26)\n\tat org.junit.internal.runners.statements.RunAfters.evaluate(RunAfters.java:27)\n\tat org.junit.runners.ParentRunner$3.evaluate(ParentRunner.java:306)\n\tat org.junit.runners.BlockJUnit4ClassRunner$1.evaluate(BlockJUnit4ClassRunner.java:100)\n\tat org.junit.runners.ParentRunner.runLeaf(ParentRunner.java:366)\n\tat org.junit.runners.BlockJUnit4ClassRunner.runChild(BlockJUnit4ClassRunner.java:103)\n\tat org.junit.runners.BlockJUnit4ClassRunner.runChild(BlockJUnit4ClassRunner.java:63)\n\tat org.junit.runners.ParentRunner$4.run(ParentRunner.java:331)\n\tat org.junit.runners.ParentRunner$1.schedule(ParentRunner.java:79)\n\tat org.junit.runners.ParentRunner.runChildren(ParentRunner.java:329)\n\tat org.junit.runners.ParentRunner.access$100(ParentRunner.java:66)\n\tat org.junit.runners.ParentRunner$2.evaluate(ParentRunner.java:293)\n\tat org.junit.runners.ParentRunner$3.evaluate(ParentRunner.java:306)\n\tat org.junit.runners.ParentRunner.run(ParentRunner.java:413)\n\tat org.apache.maven.surefire.junit4.JUnit4Provider.execute(JUnit4Provider.java:316)\n\tat org.apache.maven.surefire.junit4.JUnit4Provider.executeWithRerun(JUnit4Provider.java:240)\n\tat org.apache.maven.surefire.junit4.JUnit4Provider.executeTestSet(JUnit4Provider.java:214)\n\tat org.apache.maven.surefire.junit4.JUnit4Provider.invoke(JUnit4Provider.java:155)\n\tat org.apache.maven.surefire.booter.ForkedBooter.runSuitesInProcess(ForkedBooter.java:385)\n\tat org.apache.maven.surefire.booter.ForkedBooter.execute(ForkedBooter.java:162)\n\tat org.apache.maven.surefire.booter.ForkedBooter.run(ForkedBooter.java:507)\n\tat org.apache.maven.surefire.booter.ForkedBooter.main(ForkedBooter.java:495)\n"},"stage":"finished","steps":[],"attachments":[],"parameters":[],"start":1772200497431,"stop":1772200497433},{"name":"Удаление пользователя","status":"passed","stage":"finished","steps":[{"name":"Удаление пользователя","status":"passed","stage":"finished","steps":[],"attachments":[],"parameters":[{"name":"token","value":"Bearer eyJhbGciOiJIUzI1NiIsInR5cCI6IkpXVCJ9.eyJpZCI6IjY5YTFhMjMwOTg0MjcwMDAxYmU1ODdlYSIsImlhdCI6MTc3MjIwMDQ5NiwiZXhwIjoxNzcyMjAxNjk2fQ.MnkVjKa-6f8Ec5ZM4W35bDhKZwWRUUbBE2Bkm4A83Fc"}],"start":1772200497433,"stop":1772200498116}],"attachments":[],"parameters":[{"name":"token","value":"Bearer eyJhbGciOiJIUzI1NiIsInR5cCI6IkpXVCJ9.eyJpZCI6IjY5YTFhMjMwOTg0MjcwMDAxYmU1ODdlYSIsImlhdCI6MTc3MjIwMDQ5NiwiZXhwIjoxNzcyMjAxNjk2fQ.MnkVjKa-6f8Ec5ZM4W35bDhKZwWRUUbBE2Bkm4A83Fc"}],"start":1772200497433,"stop":1772200498116},{"name":"Проверка успешного удаления","status":"passed","stage":"finished","steps":[],"attachments":[],"parameters":[],"start":1772200498117,"stop":1772200498117}],"attachments":[],"parameters":[],"start":1772200496382,"stop":1772200498119}